Arguments: 
  /Users/apple/.nvm/versions/node/v8.9.4/bin/node /usr/local/Cellar/yarn/1.5.1/libexec/bin/yarn.js start

PATH: 
  /Users/apple/.nvm/versions/node/v8.9.4/bin:/usr/local/bin:/usr/bin:/bin:/usr/sbin:/sbin:/usr/local/MacGPG2/bin:/usr/local/share/dotnet:/Library/Frameworks/Mono.framework/Versions/Current/Commands:/Applications/Xamarin Workbooks.app/Contents/SharedSupport/path-bin:/Applications/Postgres.app/Contents/Versions/9.4/bin:/Users/apple/Library/Android/sdk/tools:/Users/apple/Library/Android/sdk/platform-tools

Yarn version: 
  1.5.1

Node version: 
  8.9.4

Platform: 
  darwin x64

npm manifest: 
  {
    "name": "side-nav",
    "version": "1.0.0",
    "main": "index.js",
    "repository": "git@github.com:legulegu/side-nav.git",
    "author": "benweizhu <benweizhu@gmail.com>",
    "license": "MIT",
    "dependencies": {
      "classnames": "^2.2.5",
      "js-cookie": "^2.2.0",
      "react": "^16.2.0",
      "react-dom": "^16.2.0",
      "unique-concat": "^0.2.2"
    },
    "devDependencies": {
      "babel-core": "^6.26.0",
      "babel-loader": "^7.1.2",
      "babel-plugin-transform-object-assign": "^6.22.0",
      "babel-polyfill": "^6.26.0",
      "babel-preset-env": "^1.6.1",
      "babel-preset-react": "^6.24.1",
      "node-sass": "^4.7.2",
      "parcel-bundler": "^1.6.2"
    },
    "scripts": {
      "dev": "parcel example/index.html",
      "build": "parcel build example/lg-side-nav.js -d build"
    }
  }

yarn manifest: 
  No manifest

Lockfile: 
  No lockfile

Trace: 
  Error: Command "start" not found.
      at new MessageError (/usr/local/Cellar/yarn/1.5.1/libexec/lib/cli.js:186:110)
      at /usr/local/Cellar/yarn/1.5.1/libexec/lib/cli.js:87307:17
      at Generator.next (<anonymous>)
      at step (/usr/local/Cellar/yarn/1.5.1/libexec/lib/cli.js:98:30)
      at /usr/local/Cellar/yarn/1.5.1/libexec/lib/cli.js:116:14
      at new Promise (<anonymous>)
      at new F (/usr/local/Cellar/yarn/1.5.1/libexec/lib/cli.js:23451:28)
      at /usr/local/Cellar/yarn/1.5.1/libexec/lib/cli.js:95:12
      at runCommand (/usr/local/Cellar/yarn/1.5.1/libexec/lib/cli.js:87312:22)
      at Object.<anonymous> (/usr/local/Cellar/yarn/1.5.1/libexec/lib/cli.js:87412:14)
